<?xml version="1.0" encoding="UTF-8"?>
<!-- Generated by org.testng.reporters.JUnitXMLReporter -->
<testsuite ignored="0" hostname="MSI" failures="0" tests="11" name="Default test" time="51.829" errors="0" timestamp="2025-09-06T17:00:40 IST">
  <testcase classname="b_stack.B_stackddemo" name="Favourites" time="3.227"/>
  <testcase classname="b_stack.B_stackddemo" name="Offers" time="0.058"/>
  <testcase classname="b_stack.B_stackddemo" name="search" time="2.844"/>
  <testcase classname="b_stack.B_stackddemo" name="sorting" time="5.106"/>
  <testcase classname="b_stack.B_stackddemo" name="vendors" time="12.497"/>
  <testcase classname="b_stack.B_stackddemo" name="addtocart" time="2.228"/>
  <testcase classname="b_stack.B_stackddemo" name="removefromcart" time="3.67"/>
  <testcase classname="b_stack.B_stackddemo" name="addtocart2" time="3.266"/>
  <testcase classname="b_stack.B_stackddemo" name="checkout" time="4.067"/>
  <testcase classname="b_stack.B_stackddemo" name="openPrivacyPolicy" time="2.11"/>
  <testcase classname="b_stack.B_stackddemo" name="userLogout" time="2.061"/>
</testsuite> <!-- Default test -->
