<?xml version="1.0" encoding="UTF-8"?>
<!-- Generated by org.testng.reporters.JUnitXMLReporter -->
<testsuite ignored="0" hostname="MSI" failures="0" tests="11" name="b_stack-tests" time="119.051" errors="0" timestamp="2025-09-06T10:02:07 IST">
  <testcase classname="b_stack.B_stackddemo" name="Favourites" time="3.224"/>
  <testcase classname="b_stack.B_stackddemo" name="Offers" time="0.056"/>
  <testcase classname="b_stack.B_stackddemo" name="search" time="6.532"/>
  <testcase classname="b_stack.B_stackddemo" name="sorting" time="5.093"/>
  <testcase classname="b_stack.B_stackddemo" name="vendors" time="12.785"/>
  <testcase classname="b_stack.B_stackddemo" name="addtocart" time="2.232"/>
  <testcase classname="b_stack.B_stackddemo" name="removefromcart" time="3.686"/>
  <testcase classname="b_stack.B_stackddemo" name="addtocart2" time="3.276"/>
  <testcase classname="b_stack.B_stackddemo" name="checkout" time="13.235"/>
  <testcase classname="b_stack.B_stackddemo" name="openPrivacyPolicy" time="2.117"/>
  <testcase classname="b_stack.B_stackddemo" name="userLogout" time="2.077"/>
</testsuite> <!-- b_stack-tests -->
